<?xml version="1.0" encoding="UTF-8"?>
<testsuite xmlns:xsi="http://www.w3.org/2001/XMLSchema-instance" xsi:noNamespaceSchemaLocation="https://maven.apache.org/surefire/maven-surefire-plugin/xsd/surefire-test-report-3.0.xsd" version="3.0" name="MainTests" time="0.25" tests="8" errors="8" skipped="0" failures="0">
  <properties>
[...]
</properties>
  <testcase name="testGetTotalOverpayment" classname="MainTests" time="0.047">
    <error type="java.lang.NullPointerException"><![CDATA[java.lang.NullPointerException: Cannot invoke "Main.getTotalOverpayment(int, int, double)" because "this.sut" is null
	at MainTests.testGetTotalOverpayment(MainTests.java:78)
]]></error>
    <system-out><![CDATA[Tests started.
test completed.
]]></system-out>
  </testcase>
  <testcase name="testGetMonthlyPayment" classname="MainTests" time="0.016">
    <error type="java.lang.NullPointerException"><![CDATA[java.lang.NullPointerException: Cannot invoke "Main.getMonthlyPayment(int, int, double)" because "this.sut" is null
	at MainTests.testGetMonthlyPayment(MainTests.java:40)
]]></error>
    <system-out><![CDATA[test completed.
]]></system-out>
  </testcase>
  <testcase name="testCheckDoubleEntry(Scanner, String, double)[1]" classname="MainTests" time="0.047">
    <error type="java.lang.NullPointerException"><![CDATA[java.lang.NullPointerException: Cannot invoke "Main.checkDoubleEntry(java.util.Scanner, String)" because "this.sut" is null
	at MainTests.testCheckDoubleEntry(MainTests.java:102)
]]></error>
    <system-out><![CDATA[test completed.
]]></system-out>
  </testcase>
  <testcase name="testCheckDoubleEntry(Scanner, String, double)[2]" classname="MainTests" time="0">
    <error type="java.lang.NullPointerException"><![CDATA[java.lang.NullPointerException: Cannot invoke "Main.checkDoubleEntry(java.util.Scanner, String)" because "this.sut" is null
	at MainTests.testCheckDoubleEntry(MainTests.java:102)
]]></error>
    <system-out><![CDATA[test completed.
]]></system-out>
  </testcase>
  <testcase name="testCheckIntEntry(Scanner, int, int, String, int)[1]" classname="MainTests" time="0.016">
    <error type="java.lang.NullPointerException"><![CDATA[java.lang.NullPointerException: Cannot invoke "Main.checkIntEntry(java.util.Scanner, int, int, String)" because "this.sut" is null
	at MainTests.testCheckIntEntry(MainTests.java:87)
]]></error>
    <system-out><![CDATA[test completed.
]]></system-out>
  </testcase>
  <testcase name="testCheckIntEntry(Scanner, int, int, String, int)[2]" classname="MainTests" time="0">
    <error type="java.lang.NullPointerException"><![CDATA[java.lang.NullPointerException: Cannot invoke "Main.checkIntEntry(java.util.Scanner, int, int, String)" because "this.sut" is null
	at MainTests.testCheckIntEntry(MainTests.java:87)
]]></error>
    <system-out><![CDATA[test completed.
]]></system-out>
  </testcase>
  <testcase name="testGetTotalPayment" classname="MainTests" time="0">
    <error type="java.lang.NullPointerException"><![CDATA[java.lang.NullPointerException: Cannot invoke "Main.getTotalPayment(int, int, double)" because "this.sut" is null
	at MainTests.testGetTotalPayment(MainTests.java:53)
]]></error>
    <system-out><![CDATA[test completed.
]]></system-out>
  </testcase>
  <testcase name="testGetAnnuityRatio" classname="MainTests" time="0">
    <error type="java.lang.NullPointerException"><![CDATA[java.lang.NullPointerException: Cannot invoke "Main.getAnnuityRatio(int, double)" because "this.sut" is null
	at MainTests.testGetAnnuityRatio(MainTests.java:65)
]]></error>
    <system-out><![CDATA[test completed.
]]></system-out>
  </testcase>
</testsuite>